Arguments: 
  /Users/fredericksilva/.volta/tools/image/node/14.16.1/bin/node /Users/fredericksilva/.volta/tools/image/yarn/1.22.10/bin/yarn.js add @graphprotocol

PATH: 
  /Users/fredericksilva/.volta/tools/image/npm/7.11.2/bin:/Users/fredericksilva/.volta/tools/image/yarn/1.22.10/bin:/Users/fredericksilva/.volta/tools/image/node/14.16.1/bin:/Users/fredericksilva/.rvm/gems/ruby-2.2.0/bin:/Users/fredericksilva/.rvm/gems/ruby-2.2.0@global/bin:/Users/fredericksilva/.rvm/rubies/ruby-2.2.0/bin:/usr/local/opt/libpq/bin:/Users/fredericksilva/.volta/bin:/Users/fredericksilva/opt/anaconda3/bin:/Users/fredericksilva/.nix-profile/bin:/usr/local/opt/llvm/bin:/Users/fredericksilva/.nvm/versions/node/v14.4.0/bin:/Users/fredericksilva/opensource/flutter/bin:/Users/fredericksilva/.cargo/bin:/Users/fredericksilva/.nvm/versions/node/v14.4.0/bin:/Users/fredericksilva/.nimble/bin:/Users/fredericksilva/bin:/usr/local/bin:/Users/fredericksilva/.cargo/bin:/usr/local/bin:/usr/bin:/bin:/usr/sbin:/sbin:/usr/local/go/bin:/usr/local/share/dotnet:~/.dotnet/tools:/Library/Apple/usr/bin:/Library/Frameworks/Mono.framework/Versions/Current/Commands:/Users/fredericksilva/.rvm/gems/ruby-2.2.0/bin:/Users/fredericksilva/.rvm/gems/ruby-2.2.0@global/bin:/Users/fredericksilva/.rvm/rubies/ruby-2.2.0/bin:/usr/local/opt/libpq/bin:/Users/fredericksilva/.volta/bin:/Users/fredericksilva/opt/anaconda3/bin:/Users/fredericksilva/.nix-profile/bin:/usr/local/opt/llvm/bin:/Users/fredericksilva/opensource/flutter/bin:/Users/fredericksilva/.cargo/bin:/Users/fredericksilva/.nvm/versions/node/v14.4.0/bin:/Users/fredericksilva/.nimble/bin:/Users/fredericksilva/bin:/Users/fredericksilva/.yarn/bin:/Users/fredericksilva/go/bin:/usr/local/opt/go/libexec/bin/.solcx:./node_modules/.bin:/Users/fredericksilva/.fzf/bin:/Users/fredericksilva/.rvm/bin:/Users/fredericksilva/.yarn/bin:/Users/fredericksilva/go/bin:/usr/local/opt/go/libexec/bin/.solcx:./node_modules/.bin

Yarn version: 
  1.22.10

Node version: 
  14.16.1

Platform: 
  darwin x64

Trace: 
  Error: https://skimdb.npmjs.com/registry/@graphprotocol: not_found
      at Request.params.callback [as _callback] (/Users/fredericksilva/.volta/tools/image/yarn/1.22.10/lib/cli.js:66988:18)
      at Request.self.callback (/Users/fredericksilva/.volta/tools/image/yarn/1.22.10/lib/cli.js:140662:22)
      at Request.emit (events.js:315:20)
      at Request.<anonymous> (/Users/fredericksilva/.volta/tools/image/yarn/1.22.10/lib/cli.js:141634:10)
      at Request.emit (events.js:315:20)
      at IncomingMessage.<anonymous> (/Users/fredericksilva/.volta/tools/image/yarn/1.22.10/lib/cli.js:141556:12)
      at Object.onceWrapper (events.js:421:28)
      at IncomingMessage.emit (events.js:327:22)
      at endReadableNT (internal/streams/readable.js:1327:12)
      at processTicksAndRejections (internal/process/task_queues.js:80:21)

npm manifest: 
  {
    "name": "gambiarra-subgraph",
    "version": "1.0.0",
    "description": "GambiarraContracts Subgraph ",
    "scripts": {
      "codegen": "graph codegen",
      "build": "graph build",
      "deploy": "graph deploy --node https://api.thegraph.com/deploy/ --ipfs https://api.thegraph.com/ipfs/ gambiarrafinance/gambiarra-subgraph",
      "create-local": "graph create --node http://localhost:8020/ gambiarrafinance/gambiarra-subgraph",
      "remove-local": "graph remove --node http://localhost:8020/ gambiarrafinance/gambiarra-subgraph",
      "deploy-local": "graph deploy --node http://localhost:8020/ --ipfs http://localhost:5001 gambiarrafinance/gambiarra-subgraph"
    },
    "repository": "git@github.com:GambiarraFinance/gambiarra-subgraph.git",
    "author": "@codingsh <codingsh@pm.me>",
    "license": "MIT"
  }

yarn manifest: 
  No manifest

Lockfile: 
  # THIS IS AN AUTOGENERATED FILE. DO NOT EDIT THIS FILE DIRECTLY.
  # yarn lockfile v1
